::1 - - [30/Dec/2017:23:36:24 +0000] "GET / HTTP/1.1" 200 11 "-" "curl/7.43.0"
::1 - - [30/Dec/2017:23:36:32 +0000] "GET /users HTTP/1.1" 200 85 "-" "curl/7.43.0"
::ffff:127.0.0.1 - - [30/Dec/2017:23:36:46 +0000] "GET /api/users HTTP/1.1" 404 9 "http://localhost:3000/" "Mozilla/5.0 (Macintosh; Intel Mac OS X 10_11_6) AppleWebKit/537.36 (KHTML, like Gecko) Chrome/63.0.3239.84 Safari/537.36"
::ffff:127.0.0.1 - - [30/Dec/2017:23:36:57 +0000] "GET /api/users HTTP/1.1" 404 9 "http://localhost:3000/" "Mozilla/5.0 (Macintosh; Intel Mac OS X 10_11_6) AppleWebKit/537.36 (KHTML, like Gecko) Chrome/63.0.3239.84 Safari/537.36"
::ffff:127.0.0.1 - - [30/Dec/2017:23:37:24 +0000] "GET /api/users HTTP/1.1" 200 85 "http://localhost:3000/" "Mozilla/5.0 (Macintosh; Intel Mac OS X 10_11_6) AppleWebKit/537.36 (KHTML, like Gecko) Chrome/63.0.3239.84 Safari/537.36"
[0mGET /time [32m200 [0m4.930 ms - 10[0m
::1 - - [30/Dec/2017:23:41:11 +0000] "GET /time HTTP/1.1" 200 10 "-" "curl/7.43.0"
::1 - - [30/Dec/2017:23:41:17 +0000] "GET /time HTTP/1.1" 200 10 "-" "curl/7.43.0"
::ffff:127.0.0.1 - - [30/Dec/2017:23:42:50 +0000] "GET /api/users HTTP/1.1" 200 85 "http://localhost:3000/" "Mozilla/5.0 (Macintosh; Intel Mac OS X 10_11_6) AppleWebKit/537.36 (KHTML, like Gecko) Chrome/63.0.3239.84 Safari/537.36"
::ffff:127.0.0.1 - - [30/Dec/2017:23:44:41 +0000] "GET /api/users HTTP/1.1" 200 85 "http://localhost:3000/" "Mozilla/5.0 (Macintosh; Intel Mac OS X 10_11_6) AppleWebKit/537.36 (KHTML, like Gecko) Chrome/63.0.3239.84 Safari/537.36"
::1 - - [30/Dec/2017:23:45:03 +0000] "GET /users HTTP/1.1" 404 9 "-" "curl/7.43.0"
::1 - - [30/Dec/2017:23:45:07 +0000] "GET /time HTTP/1.1" 200 10 "-" "curl/7.43.0"
::1 - - [30/Dec/2017:23:45:10 +0000] "GET /users HTTP/1.1" 404 9 "-" "curl/7.43.0"
::1 - - [30/Dec/2017:23:45:27 +0000] "GET /api/users HTTP/1.1" 200 85 "-" "curl/7.43.0"
::ffff:127.0.0.1 - - [30/Dec/2017:23:45:52 +0000] "GET /api/users HTTP/1.1" 200 85 "http://localhost:3000/" "Mozilla/5.0 (Macintosh; Intel Mac OS X 10_11_6) AppleWebKit/537.36 (KHTML, like Gecko) Chrome/63.0.3239.84 Safari/537.36"
::ffff:127.0.0.1 - - [30/Dec/2017:23:47:37 +0000] "GET /api/users HTTP/1.1" 200 85 "http://localhost:3000/" "Mozilla/5.0 (Macintosh; Intel Mac OS X 10_11_6) AppleWebKit/537.36 (KHTML, like Gecko) Chrome/63.0.3239.84 Safari/537.36"
::ffff:127.0.0.1 - - [30/Dec/2017:23:47:43 +0000] "GET /api/users HTTP/1.1" 200 85 "http://localhost:3000/" "Mozilla/5.0 (Macintosh; Intel Mac OS X 10_11_6) AppleWebKit/537.36 (KHTML, like Gecko) Chrome/63.0.3239.84 Safari/537.36"
::ffff:127.0.0.1 - - [30/Dec/2017:23:48:14 +0000] "GET /api/users HTTP/1.1" 200 85 "http://localhost:3000/" "Mozilla/5.0 (Macintosh; Intel Mac OS X 10_11_6) AppleWebKit/537.36 (KHTML, like Gecko) Chrome/63.0.3239.84 Safari/537.36"
::ffff:127.0.0.1 - - [30/Dec/2017:23:50:03 +0000] "GET /api/users HTTP/1.1" 200 85 "http://localhost:3000/" "Mozilla/5.0 (Macintosh; Intel Mac OS X 10_11_6) AppleWebKit/537.36 (KHTML, like Gecko) Chrome/63.0.3239.84 Safari/537.36"
::1 - - [30/Dec/2017:23:50:13 +0000] "GET /api/users HTTP/1.1" 200 85 "-" "curl/7.43.0"
::ffff:127.0.0.1 - - [30/Dec/2017:23:50:32 +0000] "GET /api/users HTTP/1.1" 200 85 "http://localhost:3000/" "Mozilla/5.0 (Macintosh; Intel Mac OS X 10_11_6) AppleWebKit/537.36 (KHTML, like Gecko) Chrome/63.0.3239.84 Safari/537.36"
::1 - - [30/Dec/2017:23:50:39 +0000] "GET /api/users HTTP/1.1" 200 85 "-" "curl/7.43.0"
::1 - - [30/Dec/2017:23:50:49 +0000] "GET /api/users HTTP/1.1" 200 85 "-" "curl/7.43.0"
::1 - - [30/Dec/2017:23:52:27 +0000] "GET /api/users HTTP/1.1" 200 85 "-" "curl/7.43.0"
::1 - - [30/Dec/2017:23:52:53 +0000] "GET /api/users HTTP/1.1" 200 85 "-" "curl/7.43.0"
::1 - - [30/Dec/2017:23:52:58 +0000] "GET /api/users HTTP/1.1" 200 85 "-" "curl/7.43.0"
::1 - - [30/Dec/2017:23:53:07 +0000] "GET /api/users HTTP/1.1" 200 85 "-" "curl/7.43.0"
::ffff:127.0.0.1 - - [30/Dec/2017:23:53:56 +0000] "GET /api/users HTTP/1.1" 200 85 "http://localhost:3000/" "Mozilla/5.0 (Macintosh; Intel Mac OS X 10_11_6) AppleWebKit/537.36 (KHTML, like Gecko) Chrome/63.0.3239.84 Safari/537.36"
::ffff:127.0.0.1 - - [30/Dec/2017:23:55:36 +0000] "GET /api/users HTTP/1.1" 200 173 "http://localhost:3000/" "Mozilla/5.0 (Macintosh; Intel Mac OS X 10_11_6) AppleWebKit/537.36 (KHTML, like Gecko) Chrome/63.0.3239.84 Safari/537.36"
::1 - - [30/Dec/2017:23:56:07 +0000] "GET /api/users HTTP/1.1" 200 173 "-" "curl/7.43.0"
::1 - - [31/Dec/2017:00:03:56 +0000] "GET / HTTP/1.1" 404 9 "-" "Mozilla/5.0 (Macintosh; Intel Mac OS X 10_11_6) AppleWebKit/537.36 (KHTML, like Gecko) Chrome/63.0.3239.84 Safari/537.36"
::1 - - [31/Dec/2017:00:03:57 +0000] "GET /favicon.ico HTTP/1.1" 404 9 "http://localhost:3030/" "Mozilla/5.0 (Macintosh; Intel Mac OS X 10_11_6) AppleWebKit/537.36 (KHTML, like Gecko) Chrome/63.0.3239.84 Safari/537.36"
::1 - - [31/Dec/2017:00:04:02 +0000] "GET /index.html HTTP/1.1" 404 9 "-" "Mozilla/5.0 (Macintosh; Intel Mac OS X 10_11_6) AppleWebKit/537.36 (KHTML, like Gecko) Chrome/63.0.3239.84 Safari/537.36"
::1 - - [31/Dec/2017:00:04:10 +0000] "GET /build HTTP/1.1" 404 9 "-" "Mozilla/5.0 (Macintosh; Intel Mac OS X 10_11_6) AppleWebKit/537.36 (KHTML, like Gecko) Chrome/63.0.3239.84 Safari/537.36"
::1 - - [31/Dec/2017:00:04:14 +0000] "GET /build/index.html HTTP/1.1" 404 9 "-" "Mozilla/5.0 (Macintosh; Intel Mac OS X 10_11_6) AppleWebKit/537.36 (KHTML, like Gecko) Chrome/63.0.3239.84 Safari/537.36"
::1 - - [31/Dec/2017:00:05:40 +0000] "GET / HTTP/1.1" 200 548 "-" "Mozilla/5.0 (Macintosh; Intel Mac OS X 10_11_6) AppleWebKit/537.36 (KHTML, like Gecko) Chrome/63.0.3239.84 Safari/537.36"
::1 - - [31/Dec/2017:00:05:40 +0000] "GET /static/css/main.c17080f1.css HTTP/1.1" 200 650 "http://localhost:3030/" "Mozilla/5.0 (Macintosh; Intel Mac OS X 10_11_6) AppleWebKit/537.36 (KHTML, like Gecko) Chrome/63.0.3239.84 Safari/537.36"
::1 - - [31/Dec/2017:00:05:40 +0000] "GET /static/js/main.0f35eaea.js HTTP/1.1" 200 129206 "http://localhost:3030/" "Mozilla/5.0 (Macintosh; Intel Mac OS X 10_11_6) AppleWebKit/537.36 (KHTML, like Gecko) Chrome/63.0.3239.84 Safari/537.36"
::1 - - [31/Dec/2017:00:05:40 +0000] "GET /static/media/logo.5d5d9eef.svg HTTP/1.1" 200 2671 "http://localhost:3030/" "Mozilla/5.0 (Macintosh; Intel Mac OS X 10_11_6) AppleWebKit/537.36 (KHTML, like Gecko) Chrome/63.0.3239.84 Safari/537.36"
::1 - - [31/Dec/2017:00:05:40 +0000] "GET /api/users HTTP/1.1" 200 173 "http://localhost:3030/" "Mozilla/5.0 (Macintosh; Intel Mac OS X 10_11_6) AppleWebKit/537.36 (KHTML, like Gecko) Chrome/63.0.3239.84 Safari/537.36"
::1 - - [31/Dec/2017:00:05:40 +0000] "GET /service-worker.js HTTP/1.1" 200 3245 "http://localhost:3030/" "Mozilla/5.0 (Macintosh; Intel Mac OS X 10_11_6) AppleWebKit/537.36 (KHTML, like Gecko) Chrome/63.0.3239.84 Safari/537.36"
::1 - - [31/Dec/2017:00:05:40 +0000] "GET /service-worker.js HTTP/1.1" 200 3245 "http://localhost:3030/service-worker.js" "Mozilla/5.0 (Macintosh; Intel Mac OS X 10_11_6) AppleWebKit/537.36 (KHTML, like Gecko) Chrome/63.0.3239.84 Safari/537.36"
::1 - - [31/Dec/2017:00:05:40 +0000] "GET /index.html?_sw-precache=70624dfb47e31fe8424f6faabddd65e1 HTTP/1.1" 200 548 "http://localhost:3030/service-worker.js" "Mozilla/5.0 (Macintosh; Intel Mac OS X 10_11_6) AppleWebKit/537.36 (KHTML, like Gecko) Chrome/63.0.3239.84 Safari/537.36"
::1 - - [31/Dec/2017:00:05:40 +0000] "GET /static/css/main.c17080f1.css HTTP/1.1" 200 650 "http://localhost:3030/service-worker.js" "Mozilla/5.0 (Macintosh; Intel Mac OS X 10_11_6) AppleWebKit/537.36 (KHTML, like Gecko) Chrome/63.0.3239.84 Safari/537.36"
::1 - - [31/Dec/2017:00:05:40 +0000] "GET /static/js/main.0f35eaea.js HTTP/1.1" 200 129206 "http://localhost:3030/service-worker.js" "Mozilla/5.0 (Macintosh; Intel Mac OS X 10_11_6) AppleWebKit/537.36 (KHTML, like Gecko) Chrome/63.0.3239.84 Safari/537.36"
::1 - - [31/Dec/2017:00:05:40 +0000] "GET /static/media/logo.5d5d9eef.svg HTTP/1.1" 200 2671 "http://localhost:3030/service-worker.js" "Mozilla/5.0 (Macintosh; Intel Mac OS X 10_11_6) AppleWebKit/537.36 (KHTML, like Gecko) Chrome/63.0.3239.84 Safari/537.36"
::1 - - [31/Dec/2017:00:07:17 +0000] "GET /api/users HTTP/1.1" 200 173 "http://localhost:3030/" "Mozilla/5.0 (Macintosh; Intel Mac OS X 10_11_6) AppleWebKit/537.36 (KHTML, like Gecko) Chrome/63.0.3239.84 Safari/537.36"
::1 - - [31/Dec/2017:00:07:17 +0000] "GET /static/js/main.0f35eaea.js.map HTTP/1.1" 200 589203 "-" "Mozilla/5.0 (Macintosh; Intel Mac OS X 10_11_6) AppleWebKit/537.36 (KHTML, like Gecko) Chrome/63.0.3239.84 Safari/537.36"
::1 - - [31/Dec/2017:00:07:17 +0000] "GET /static/css/main.c17080f1.css.map HTTP/1.1" 200 1288 "-" "Mozilla/5.0 (Macintosh; Intel Mac OS X 10_11_6) AppleWebKit/537.36 (KHTML, like Gecko) Chrome/63.0.3239.84 Safari/537.36"
::1 - - [31/Dec/2017:00:07:17 +0000] "GET /service-worker.js HTTP/1.1" 200 3245 "http://localhost:3030/" "Mozilla/5.0 (Macintosh; Intel Mac OS X 10_11_6) AppleWebKit/537.36 (KHTML, like Gecko) Chrome/63.0.3239.84 Safari/537.36"
::1 - - [31/Dec/2017:00:07:18 +0000] "GET /service-worker.js HTTP/1.1" 200 3245 "http://localhost:3030/service-worker.js" "Mozilla/5.0 (Macintosh; Intel Mac OS X 10_11_6) AppleWebKit/537.36 (KHTML, like Gecko) Chrome/63.0.3239.84 Safari/537.36"
::1 - - [31/Dec/2017:00:07:27 +0000] "GET / HTTP/1.1" 200 548 "-" "Mozilla/5.0 (Macintosh; Intel Mac OS X 10_11_6) AppleWebKit/537.36 (KHTML, like Gecko) Chrome/63.0.3239.84 Safari/537.36"
::1 - - [31/Dec/2017:00:07:27 +0000] "GET /static/css/main.c17080f1.css HTTP/1.1" 200 650 "http://localhost:3030/" "Mozilla/5.0 (Macintosh; Intel Mac OS X 10_11_6) AppleWebKit/537.36 (KHTML, like Gecko) Chrome/63.0.3239.84 Safari/537.36"
::1 - - [31/Dec/2017:00:07:27 +0000] "GET /static/js/main.0f35eaea.js HTTP/1.1" 200 129206 "http://localhost:3030/" "Mozilla/5.0 (Macintosh; Intel Mac OS X 10_11_6) AppleWebKit/537.36 (KHTML, like Gecko) Chrome/63.0.3239.84 Safari/537.36"
::1 - - [31/Dec/2017:00:07:27 +0000] "GET /static/css/main.c17080f1.css.map HTTP/1.1" 200 1288 "-" "Mozilla/5.0 (Macintosh; Intel Mac OS X 10_11_6) AppleWebKit/537.36 (KHTML, like Gecko) Chrome/63.0.3239.84 Safari/537.36"
::1 - - [31/Dec/2017:00:07:27 +0000] "GET /api/users HTTP/1.1" 200 173 "http://localhost:3030/" "Mozilla/5.0 (Macintosh; Intel Mac OS X 10_11_6) AppleWebKit/537.36 (KHTML, like Gecko) Chrome/63.0.3239.84 Safari/537.36"
::1 - - [31/Dec/2017:00:07:27 +0000] "GET /static/media/logo.5d5d9eef.svg HTTP/1.1" 200 2671 "http://localhost:3030/" "Mozilla/5.0 (Macintosh; Intel Mac OS X 10_11_6) AppleWebKit/537.36 (KHTML, like Gecko) Chrome/63.0.3239.84 Safari/537.36"
::1 - - [31/Dec/2017:00:07:27 +0000] "GET /static/js/main.0f35eaea.js.map HTTP/1.1" 200 589203 "-" "Mozilla/5.0 (Macintosh; Intel Mac OS X 10_11_6) AppleWebKit/537.36 (KHTML, like Gecko) Chrome/63.0.3239.84 Safari/537.36"
::1 - - [31/Dec/2017:00:07:27 +0000] "GET /service-worker.js HTTP/1.1" 200 3245 "http://localhost:3030/" "Mozilla/5.0 (Macintosh; Intel Mac OS X 10_11_6) AppleWebKit/537.36 (KHTML, like Gecko) Chrome/63.0.3239.84 Safari/537.36"
::1 - - [31/Dec/2017:00:08:37 +0000] "GET /api/users HTTP/1.1" 200 173 "http://localhost:3030/" "Mozilla/5.0 (Macintosh; Intel Mac OS X 10_11_6) AppleWebKit/537.36 (KHTML, like Gecko) Chrome/63.0.3239.84 Safari/537.36"
::1 - - [31/Dec/2017:00:08:37 +0000] "GET /static/js/main.0f35eaea.js.map HTTP/1.1" 200 589203 "-" "Mozilla/5.0 (Macintosh; Intel Mac OS X 10_11_6) AppleWebKit/537.36 (KHTML, like Gecko) Chrome/63.0.3239.84 Safari/537.36"
::1 - - [31/Dec/2017:00:08:37 +0000] "GET /static/css/main.c17080f1.css.map HTTP/1.1" 200 1288 "-" "Mozilla/5.0 (Macintosh; Intel Mac OS X 10_11_6) AppleWebKit/537.36 (KHTML, like Gecko) Chrome/63.0.3239.84 Safari/537.36"
::1 - - [31/Dec/2017:00:08:37 +0000] "GET /service-worker.js HTTP/1.1" 200 3245 "http://localhost:3030/" "Mozilla/5.0 (Macintosh; Intel Mac OS X 10_11_6) AppleWebKit/537.36 (KHTML, like Gecko) Chrome/63.0.3239.84 Safari/537.36"
::1 - - [31/Dec/2017:00:08:38 +0000] "GET /service-worker.js HTTP/1.1" 200 3245 "http://localhost:3030/service-worker.js" "Mozilla/5.0 (Macintosh; Intel Mac OS X 10_11_6) AppleWebKit/537.36 (KHTML, like Gecko) Chrome/63.0.3239.84 Safari/537.36"
::1 - - [31/Dec/2017:00:08:40 +0000] "GET / HTTP/1.1" 200 548 "-" "Mozilla/5.0 (Macintosh; Intel Mac OS X 10_11_6) AppleWebKit/537.36 (KHTML, like Gecko) Chrome/63.0.3239.84 Safari/537.36"
::1 - - [31/Dec/2017:00:08:40 +0000] "GET /static/css/main.c17080f1.css HTTP/1.1" 200 650 "http://localhost:3030/" "Mozilla/5.0 (Macintosh; Intel Mac OS X 10_11_6) AppleWebKit/537.36 (KHTML, like Gecko) Chrome/63.0.3239.84 Safari/537.36"
::1 - - [31/Dec/2017:00:08:40 +0000] "GET /static/js/main.0f35eaea.js HTTP/1.1" 200 129206 "http://localhost:3030/" "Mozilla/5.0 (Macintosh; Intel Mac OS X 10_11_6) AppleWebKit/537.36 (KHTML, like Gecko) Chrome/63.0.3239.84 Safari/537.36"
::1 - - [31/Dec/2017:00:08:40 +0000] "GET /static/css/main.c17080f1.css.map HTTP/1.1" 200 1288 "-" "Mozilla/5.0 (Macintosh; Intel Mac OS X 10_11_6) AppleWebKit/537.36 (KHTML, like Gecko) Chrome/63.0.3239.84 Safari/537.36"
::1 - - [31/Dec/2017:00:08:40 +0000] "GET /api/users HTTP/1.1" 200 173 "http://localhost:3030/" "Mozilla/5.0 (Macintosh; Intel Mac OS X 10_11_6) AppleWebKit/537.36 (KHTML, like Gecko) Chrome/63.0.3239.84 Safari/537.36"
::1 - - [31/Dec/2017:00:08:40 +0000] "GET /static/media/logo.5d5d9eef.svg HTTP/1.1" 200 2671 "http://localhost:3030/" "Mozilla/5.0 (Macintosh; Intel Mac OS X 10_11_6) AppleWebKit/537.36 (KHTML, like Gecko) Chrome/63.0.3239.84 Safari/537.36"
::1 - - [31/Dec/2017:00:08:40 +0000] "GET /static/js/main.0f35eaea.js.map HTTP/1.1" 200 589203 "-" "Mozilla/5.0 (Macintosh; Intel Mac OS X 10_11_6) AppleWebKit/537.36 (KHTML, like Gecko) Chrome/63.0.3239.84 Safari/537.36"
::1 - - [31/Dec/2017:00:08:40 +0000] "GET /service-worker.js HTTP/1.1" 200 3245 "http://localhost:3030/" "Mozilla/5.0 (Macintosh; Intel Mac OS X 10_11_6) AppleWebKit/537.36 (KHTML, like Gecko) Chrome/63.0.3239.84 Safari/537.36"
::1 - - [31/Dec/2017:00:11:44 +0000] "GET / HTTP/1.1" 200 548 "-" "Mozilla/5.0 (Macintosh; Intel Mac OS X 10_11_6) AppleWebKit/537.36 (KHTML, like Gecko) Chrome/63.0.3239.84 Safari/537.36"
::1 - - [31/Dec/2017:00:11:44 +0000] "GET /static/css/main.c17080f1.css HTTP/1.1" 200 650 "http://localhost:3030/" "Mozilla/5.0 (Macintosh; Intel Mac OS X 10_11_6) AppleWebKit/537.36 (KHTML, like Gecko) Chrome/63.0.3239.84 Safari/537.36"
::1 - - [31/Dec/2017:00:11:44 +0000] "GET /static/js/main.0f35eaea.js HTTP/1.1" 200 129206 "http://localhost:3030/" "Mozilla/5.0 (Macintosh; Intel Mac OS X 10_11_6) AppleWebKit/537.36 (KHTML, like Gecko) Chrome/63.0.3239.84 Safari/537.36"
::1 - - [31/Dec/2017:00:11:45 +0000] "GET /static/css/main.c17080f1.css.map HTTP/1.1" 200 1288 "-" "Mozilla/5.0 (Macintosh; Intel Mac OS X 10_11_6) AppleWebKit/537.36 (KHTML, like Gecko) Chrome/63.0.3239.84 Safari/537.36"
::1 - - [31/Dec/2017:00:11:45 +0000] "GET /api/users HTTP/1.1" 200 173 "http://localhost:3030/" "Mozilla/5.0 (Macintosh; Intel Mac OS X 10_11_6) AppleWebKit/537.36 (KHTML, like Gecko) Chrome/63.0.3239.84 Safari/537.36"
::1 - - [31/Dec/2017:00:11:45 +0000] "GET /static/media/logo.5d5d9eef.svg HTTP/1.1" 200 2671 "http://localhost:3030/" "Mozilla/5.0 (Macintosh; Intel Mac OS X 10_11_6) AppleWebKit/537.36 (KHTML, like Gecko) Chrome/63.0.3239.84 Safari/537.36"
::1 - - [31/Dec/2017:00:11:45 +0000] "GET /static/js/main.0f35eaea.js.map HTTP/1.1" 200 589203 "-" "Mozilla/5.0 (Macintosh; Intel Mac OS X 10_11_6) AppleWebKit/537.36 (KHTML, like Gecko) Chrome/63.0.3239.84 Safari/537.36"
::1 - - [31/Dec/2017:00:11:45 +0000] "GET /service-worker.js HTTP/1.1" 200 3245 "http://localhost:3030/" "Mozilla/5.0 (Macintosh; Intel Mac OS X 10_11_6) AppleWebKit/537.36 (KHTML, like Gecko) Chrome/63.0.3239.84 Safari/537.36"
